2021_05_10 16:35:44:900526     LEVEL:LOGGER_BOT              TYPE:INITIALIZED    MESSAGE:LOGGER_BOT built and deployed...
2021_05_10 16:35:45:849325     LEVEL:LOGGER_BOT              TYPE:INITIALIZED    MESSAGE:LOGGER_BOT built and deployed...
2021_05_10 16:35:45:850211     LEVEL:LOGGER_BOT              TYPE:INITIALIZED    MESSAGE:LOGGER_BOT built and deployed...
2021_05_10 16:35:45:850546     LEVEL:GENERATION_BOT          TYPE:INITIALIZED    MESSAGE:GENERATION_BOT built and deployed...
2021_05_10 16:35:45:850546     LEVEL:INTERCEPTION_BOT        TYPE:INITIALIZED    MESSAGE:INTERCEPTION_BOT built and deployed...
2021_05_10 16:35:45:865925     LEVEL:INTERCEPTION_BOT        TYPE:INITIALIZED    MESSAGE:INTERCEPTION_BOT built and deployed...
2021_05_10 16:35:45:867875     LEVEL:GENERATION_BOT          TYPE:INITIALIZED    MESSAGE:GENERATION_BOT built and deployed...
2021_05_10 16:35:45:867875     LEVEL:LOGGER_BOT              TYPE:INITIALIZED    MESSAGE:LOGGER_BOT built and deployed...
2021_05_10 16:35:45:867875     LEVEL:INTERCEPTION_BOT        TYPE:INITIALIZED    MESSAGE:INTERCEPTION_BOT built and deployed...
2021_05_10 16:35:45:867875     LEVEL:LOGGER_BOT              TYPE:INITIALIZED    MESSAGE:LOGGER_BOT built and deployed...
2021_05_10 16:35:45:867875     LEVEL:GENERATION_BOT          TYPE:INITIALIZED    MESSAGE:GENERATION_BOT built and deployed...
2021_05_10 16:35:45:870979     LEVEL:INTERACTION_BOT         TYPE:INITIALIZED    MESSAGE:INTERACTION_BOT built and deployed...
2021_05_10 16:35:45:870979     LEVEL:INTERCEPTION_BOT        TYPE:INITIALIZED    MESSAGE:INTERCEPTION_BOT built and deployed...
2021_05_10 16:35:45:870979     LEVEL:GENERATION_BOT          TYPE:INITIALIZED    MESSAGE:GENERATION_BOT built and deployed...
2021_05_10 16:35:45:870979     LEVEL:LOGGER_BOT              TYPE:INITIALIZED    MESSAGE:LOGGER_BOT built and deployed...
2021_05_10 16:35:45:872429     LEVEL:GENERATION_BOT          TYPE:INITIALIZED    MESSAGE:GENERATION_BOT built and deployed...
2021_05_10 16:35:45:872429     LEVEL:INTERCEPTION_BOT        TYPE:INITIALIZED    MESSAGE:INTERCEPTION_BOT built and deployed...
2021_05_10 16:35:45:872429     LEVEL:LOGGER_BOT              TYPE:INITIALIZED    MESSAGE:LOGGER_BOT built and deployed...
2021_05_10 16:35:45:873782     LEVEL:INTERACTION_BOT         TYPE:INITIALIZED    MESSAGE:INTERACTION_BOT built and deployed...
2021_05_10 16:35:45:873782     LEVEL:NPC_HANDLING_BOT        TYPE:INITIALIZED    MESSAGE:NPC_HANDLING_BOT built and deployed...
2021_05_10 16:35:45:873782     LEVEL:CRAFTING_BOT            TYPE:INITIALIZED    MESSAGE:crafter_bot built and deployed...
2021_05_10 16:35:45:880581     LEVEL:LOGGER_BOT              TYPE:INITIALIZED    MESSAGE:LOGGER_BOT built and deployed...
2021_05_10 16:35:45:880581     LEVEL:INTERCEPTION_BOT        TYPE:INITIALIZED    MESSAGE:INTERCEPTION_BOT built and deployed...
2021_05_10 16:35:45:880581     LEVEL:GENERATION_BOT          TYPE:INITIALIZED    MESSAGE:GENERATION_BOT built and deployed...
2021_05_10 16:35:45:880581     LEVEL:GENERATION_BOT          TYPE:INITIALIZED    MESSAGE:GENERATION_BOT built and deployed...
2021_05_10 16:35:45:880581     LEVEL:CRAFTING_BOT            TYPE:INITIALIZED    MESSAGE:crafter_bot built and deployed...
2021_05_10 16:35:45:882540     LEVEL:INTERACTION_BOT         TYPE:INITIALIZED    MESSAGE:INTERACTION_BOT built and deployed...
2021_05_10 16:35:45:882540     LEVEL:INTERCEPTION_BOT        TYPE:INITIALIZED    MESSAGE:INTERCEPTION_BOT built and deployed...
2021_05_10 16:35:45:882540     LEVEL:LOGGER_BOT              TYPE:INITIALIZED    MESSAGE:LOGGER_BOT built and deployed...
2021_05_10 16:35:45:882540     LEVEL:MOVEMENT_BOT            TYPE:INITIALIZED    MESSAGE:MOVEMENT_BOT built and deployed...
2021_05_10 16:35:45:882540     LEVEL:NPC_HANDLING_BOT        TYPE:INITIALIZED    MESSAGE:NPC_HANDLING_BOT built and deployed...
2021_05_10 16:35:45:882540     LEVEL:RESET_BOT               TYPE:INITIALIZED    MESSAGE:RESET_BOT built and deployed...
2021_05_10 16:35:45:883708     LEVEL:MOVEMENT_BOT            TYPE:INITIALIZED    MESSAGE:MOVEMENT_BOT built and deployed...
2021_05_10 16:35:45:884600     LEVEL:FARMING_BOT             TYPE:INITIALIZED    MESSAGE:FARMER_BOT built and deployed...
2021_05_10 16:35:45:884600     LEVEL:INTERACTION_BOT         TYPE:INITIALIZED    MESSAGE:INTERACTION_BOT built and deployed...
2021_05_10 16:35:45:886027     LEVEL:GENERATION_BOT          TYPE:INITIALIZED    MESSAGE:GENERATION_BOT built and deployed...
2021_05_10 16:35:45:886474     LEVEL:NPC_HANDLING_BOT        TYPE:INITIALIZED    MESSAGE:NPC_HANDLING_BOT built and deployed...
2021_05_10 16:35:45:886474     LEVEL:RESET_BOT               TYPE:INITIALIZED    MESSAGE:RESET_BOT built and deployed...
2021_05_10 16:35:45:887491     LEVEL:RESET_BOT               TYPE:INITIALIZE     MESSAGE:Initialized countdown...
2021_05_10 16:35:45:887491     LEVEL:RESET_BOT               TYPE:PROGRESS       MESSAGE:Counting down: 5
2021_05_10 16:35:46:896067     LEVEL:RESET_BOT               TYPE:PROGRESS       MESSAGE:Counting down: 4
2021_05_10 16:35:47:922401     LEVEL:RESET_BOT               TYPE:PROGRESS       MESSAGE:Counting down: 3
2021_05_10 16:35:48:928234     LEVEL:RESET_BOT               TYPE:PROGRESS       MESSAGE:Counting down: 2
2021_05_10 16:35:49:929695     LEVEL:RESET_BOT               TYPE:PROGRESS       MESSAGE:Counting down: 1
2021_05_10 16:35:50:942769     LEVEL:RESET_BOT               TYPE:SUCCESS        MESSAGE:Success! Bots deployed!
2021_05_10 16:35:51:138159     LEVEL:INTERCEPTION_BOT        TYPE:ERROR          MESSAGE:Could not find 'yeoman.png' on screen
2021_05_10 16:35:51:464571     LEVEL:INTERCEPTION_BOT        TYPE:SUCCESS        MESSAGE:Pressed the 't' character on the keyboard
2021_05_10 16:35:51:592877     LEVEL:INTERCEPTION_BOT        TYPE:ERROR          MESSAGE:Could not find 'yeoman.png' on screen
2021_05_10 16:35:51:592877     LEVEL:CRAFTING_BOT            TYPE:ERROR          MESSAGE:there was a problem opening the crafting panel
2021_05_10 16:35:51:594266     LEVEL:CRAFTING_BOT            TYPE:SUCCESS        MESSAGE:successfully toggled the crafting panel on
2021_05_10 16:35:51:730874     LEVEL:INTERCEPTION_BOT        TYPE:ERROR          MESSAGE:Could not find 'cooking_toggled.png' on screen
2021_05_10 16:35:51:863678     LEVEL:INTERCEPTION_BOT        TYPE:ERROR          MESSAGE:Could not find 'cooking.png' on screen
2021_05_10 16:35:51:863678     LEVEL:CRAFTING_BOT            TYPE:ERROR          MESSAGE:unable to find cooking trade
2021_05_10 16:35:51:993235     LEVEL:INTERCEPTION_BOT        TYPE:ERROR          MESSAGE:Could not find 'journeyman_toggled.png' on screen
2021_05_10 16:35:52:131013     LEVEL:INTERCEPTION_BOT        TYPE:ERROR          MESSAGE:Could not find 'journeyman.png' on screen
2021_05_10 16:35:52:131988     LEVEL:CRAFTING_BOT            TYPE:ERROR          MESSAGE:unable to find journeyman tier
2021_05_10 16:35:52:265514     LEVEL:INTERCEPTION_BOT        TYPE:ERROR          MESSAGE:Could not find 'ingredients_toggled.png' on screen
2021_05_10 16:35:52:411573     LEVEL:INTERCEPTION_BOT        TYPE:ERROR          MESSAGE:Could not find 'ingredients.png' on screen
2021_05_10 16:35:52:412845     LEVEL:CRAFTING_BOT            TYPE:ERROR          MESSAGE:unable to find ingredients tier
2021_05_10 16:35:52:526789     LEVEL:INTERCEPTION_BOT        TYPE:ERROR          MESSAGE:Could not find 'blueberry_pie_filling.png' on screen
2021_05_10 16:35:52:527747     LEVEL:CRAFTING_BOT            TYPE:ERROR          MESSAGE:unable to find the recipe, blueberry_pie_filling
2021_05_10 16:35:52:647927     LEVEL:INTERCEPTION_BOT        TYPE:ERROR          MESSAGE:Could not find 'make_all.png' on screen
2021_05_10 16:35:52:647927     LEVEL:CRAFTING_BOT            TYPE:ERROR          MESSAGE:unable to find the button, make_all.png
2021_05_10 16:36:02:214502     LEVEL:LOGGER_BOT              TYPE:INITIALIZED    MESSAGE:LOGGER_BOT built and deployed...
2021_05_10 16:36:02:856816     LEVEL:LOGGER_BOT              TYPE:INITIALIZED    MESSAGE:LOGGER_BOT built and deployed...
2021_05_10 16:36:02:856816     LEVEL:LOGGER_BOT              TYPE:INITIALIZED    MESSAGE:LOGGER_BOT built and deployed...
2021_05_10 16:36:02:856816     LEVEL:GENERATION_BOT          TYPE:INITIALIZED    MESSAGE:GENERATION_BOT built and deployed...
2021_05_10 16:36:02:856816     LEVEL:INTERCEPTION_BOT        TYPE:INITIALIZED    MESSAGE:INTERCEPTION_BOT built and deployed...
2021_05_10 16:36:02:862876     LEVEL:INTERCEPTION_BOT        TYPE:INITIALIZED    MESSAGE:INTERCEPTION_BOT built and deployed...
2021_05_10 16:36:02:863864     LEVEL:GENERATION_BOT          TYPE:INITIALIZED    MESSAGE:GENERATION_BOT built and deployed...
2021_05_10 16:36:02:863864     LEVEL:LOGGER_BOT              TYPE:INITIALIZED    MESSAGE:LOGGER_BOT built and deployed...
2021_05_10 16:36:02:863864     LEVEL:INTERCEPTION_BOT        TYPE:INITIALIZED    MESSAGE:INTERCEPTION_BOT built and deployed...
2021_05_10 16:36:02:864843     LEVEL:LOGGER_BOT              TYPE:INITIALIZED    MESSAGE:LOGGER_BOT built and deployed...
2021_05_10 16:36:02:864843     LEVEL:GENERATION_BOT          TYPE:INITIALIZED    MESSAGE:GENERATION_BOT built and deployed...
2021_05_10 16:36:02:865813     LEVEL:INTERACTION_BOT         TYPE:INITIALIZED    MESSAGE:INTERACTION_BOT built and deployed...
2021_05_10 16:36:02:865813     LEVEL:INTERCEPTION_BOT        TYPE:INITIALIZED    MESSAGE:INTERCEPTION_BOT built and deployed...
2021_05_10 16:36:02:865813     LEVEL:GENERATION_BOT          TYPE:INITIALIZED    MESSAGE:GENERATION_BOT built and deployed...
2021_05_10 16:36:02:865813     LEVEL:LOGGER_BOT              TYPE:INITIALIZED    MESSAGE:LOGGER_BOT built and deployed...
2021_05_10 16:36:02:866791     LEVEL:GENERATION_BOT          TYPE:INITIALIZED    MESSAGE:GENERATION_BOT built and deployed...
2021_05_10 16:36:02:866791     LEVEL:INTERCEPTION_BOT        TYPE:INITIALIZED    MESSAGE:INTERCEPTION_BOT built and deployed...
2021_05_10 16:36:02:866791     LEVEL:LOGGER_BOT              TYPE:INITIALIZED    MESSAGE:LOGGER_BOT built and deployed...
2021_05_10 16:36:02:866791     LEVEL:INTERACTION_BOT         TYPE:INITIALIZED    MESSAGE:INTERACTION_BOT built and deployed...
2021_05_10 16:36:02:866791     LEVEL:NPC_HANDLING_BOT        TYPE:INITIALIZED    MESSAGE:NPC_HANDLING_BOT built and deployed...
2021_05_10 16:36:02:867796     LEVEL:CRAFTING_BOT            TYPE:INITIALIZED    MESSAGE:crafter_bot built and deployed...
2021_05_10 16:36:02:868754     LEVEL:LOGGER_BOT              TYPE:INITIALIZED    MESSAGE:LOGGER_BOT built and deployed...
2021_05_10 16:36:02:868754     LEVEL:INTERCEPTION_BOT        TYPE:INITIALIZED    MESSAGE:INTERCEPTION_BOT built and deployed...
2021_05_10 16:36:02:869730     LEVEL:GENERATION_BOT          TYPE:INITIALIZED    MESSAGE:GENERATION_BOT built and deployed...
2021_05_10 16:36:02:869730     LEVEL:GENERATION_BOT          TYPE:INITIALIZED    MESSAGE:GENERATION_BOT built and deployed...
2021_05_10 16:36:02:869730     LEVEL:CRAFTING_BOT            TYPE:INITIALIZED    MESSAGE:crafter_bot built and deployed...
2021_05_10 16:36:02:869730     LEVEL:INTERACTION_BOT         TYPE:INITIALIZED    MESSAGE:INTERACTION_BOT built and deployed...
2021_05_10 16:36:02:870702     LEVEL:INTERCEPTION_BOT        TYPE:INITIALIZED    MESSAGE:INTERCEPTION_BOT built and deployed...
2021_05_10 16:36:02:870702     LEVEL:LOGGER_BOT              TYPE:INITIALIZED    MESSAGE:LOGGER_BOT built and deployed...
2021_05_10 16:36:02:870702     LEVEL:MOVEMENT_BOT            TYPE:INITIALIZED    MESSAGE:MOVEMENT_BOT built and deployed...
2021_05_10 16:36:02:870702     LEVEL:NPC_HANDLING_BOT        TYPE:INITIALIZED    MESSAGE:NPC_HANDLING_BOT built and deployed...
2021_05_10 16:36:02:871679     LEVEL:RESET_BOT               TYPE:INITIALIZED    MESSAGE:RESET_BOT built and deployed...
2021_05_10 16:36:02:871679     LEVEL:MOVEMENT_BOT            TYPE:INITIALIZED    MESSAGE:MOVEMENT_BOT built and deployed...
2021_05_10 16:36:02:871679     LEVEL:FARMING_BOT             TYPE:INITIALIZED    MESSAGE:FARMER_BOT built and deployed...
2021_05_10 16:36:02:873072     LEVEL:INTERACTION_BOT         TYPE:INITIALIZED    MESSAGE:INTERACTION_BOT built and deployed...
2021_05_10 16:36:02:873072     LEVEL:GENERATION_BOT          TYPE:INITIALIZED    MESSAGE:GENERATION_BOT built and deployed...
2021_05_10 16:36:02:873072     LEVEL:NPC_HANDLING_BOT        TYPE:INITIALIZED    MESSAGE:NPC_HANDLING_BOT built and deployed...
2021_05_10 16:36:02:873634     LEVEL:RESET_BOT               TYPE:INITIALIZED    MESSAGE:RESET_BOT built and deployed...
2021_05_10 16:36:02:874842     LEVEL:RESET_BOT               TYPE:INITIALIZE     MESSAGE:Initialized countdown...
2021_05_10 16:36:02:875589     LEVEL:RESET_BOT               TYPE:PROGRESS       MESSAGE:Counting down: 5
2021_05_10 16:36:03:888615     LEVEL:RESET_BOT               TYPE:PROGRESS       MESSAGE:Counting down: 4
2021_05_10 16:36:04:898990     LEVEL:RESET_BOT               TYPE:PROGRESS       MESSAGE:Counting down: 3
2021_05_10 16:36:05:902447     LEVEL:RESET_BOT               TYPE:PROGRESS       MESSAGE:Counting down: 2
2021_05_10 16:36:06:915781     LEVEL:RESET_BOT               TYPE:PROGRESS       MESSAGE:Counting down: 1
2021_05_10 16:36:07:928650     LEVEL:RESET_BOT               TYPE:SUCCESS        MESSAGE:Success! Bots deployed!
2021_05_10 16:38:27:620094     LEVEL:LOGGER_BOT              TYPE:INITIALIZED    MESSAGE:LOGGER_BOT built and deployed...
2021_05_10 16:38:28:215132     LEVEL:LOGGER_BOT              TYPE:INITIALIZED    MESSAGE:LOGGER_BOT built and deployed...
2021_05_10 16:38:28:215132     LEVEL:LOGGER_BOT              TYPE:INITIALIZED    MESSAGE:LOGGER_BOT built and deployed...
2021_05_10 16:38:28:235642     LEVEL:GENERATION_BOT          TYPE:INITIALIZED    MESSAGE:GENERATION_BOT built and deployed...
2021_05_10 16:38:28:235642     LEVEL:INTERCEPTION_BOT        TYPE:INITIALIZED    MESSAGE:INTERCEPTION_BOT built and deployed...
2021_05_10 16:38:28:235642     LEVEL:RESET_BOT               TYPE:INITIALIZED    MESSAGE:RESET_BOT built and deployed...
2021_05_10 16:38:28:235642     LEVEL:RESET_BOT               TYPE:INITIALIZE     MESSAGE:Initialized countdown...
2021_05_10 16:38:28:237611     LEVEL:RESET_BOT               TYPE:PROGRESS       MESSAGE:Counting down: 5
2021_05_10 16:38:29:245646     LEVEL:RESET_BOT               TYPE:PROGRESS       MESSAGE:Counting down: 4
2021_05_10 16:38:30:260176     LEVEL:RESET_BOT               TYPE:PROGRESS       MESSAGE:Counting down: 3
2021_05_10 16:38:31:287772     LEVEL:RESET_BOT               TYPE:PROGRESS       MESSAGE:Counting down: 2
2021_05_10 16:38:32:293740     LEVEL:RESET_BOT               TYPE:PROGRESS       MESSAGE:Counting down: 1
2021_05_10 16:38:33:311727     LEVEL:RESET_BOT               TYPE:SUCCESS        MESSAGE:Success! Bots deployed!
2021_05_10 16:38:46:260766     LEVEL:LOGGER_BOT              TYPE:INITIALIZED    MESSAGE:LOGGER_BOT built and deployed...
2021_05_10 16:38:46:794245     LEVEL:LOGGER_BOT              TYPE:INITIALIZED    MESSAGE:LOGGER_BOT built and deployed...
2021_05_10 16:38:46:794245     LEVEL:LOGGER_BOT              TYPE:INITIALIZED    MESSAGE:LOGGER_BOT built and deployed...
2021_05_10 16:38:46:794817     LEVEL:GENERATION_BOT          TYPE:INITIALIZED    MESSAGE:GENERATION_BOT built and deployed...
2021_05_10 16:38:46:795145     LEVEL:INTERCEPTION_BOT        TYPE:INITIALIZED    MESSAGE:INTERCEPTION_BOT built and deployed...
2021_05_10 16:38:46:795145     LEVEL:RESET_BOT               TYPE:INITIALIZED    MESSAGE:RESET_BOT built and deployed...
2021_05_10 16:38:46:795577     LEVEL:RESET_BOT               TYPE:INITIALIZE     MESSAGE:Initialized countdown...
2021_05_10 16:38:46:795949     LEVEL:RESET_BOT               TYPE:PROGRESS       MESSAGE:Counting down: 5
2021_05_10 16:38:47:798619     LEVEL:RESET_BOT               TYPE:PROGRESS       MESSAGE:Counting down: 4
2021_05_10 16:38:48:813046     LEVEL:RESET_BOT               TYPE:PROGRESS       MESSAGE:Counting down: 3
2021_05_10 16:38:49:823502     LEVEL:RESET_BOT               TYPE:PROGRESS       MESSAGE:Counting down: 2
2021_05_10 16:38:50:838829     LEVEL:RESET_BOT               TYPE:PROGRESS       MESSAGE:Counting down: 1
2021_05_10 16:38:51:862782     LEVEL:RESET_BOT               TYPE:SUCCESS        MESSAGE:Success! Bots deployed!
2021_05_10 16:40:29:396296     LEVEL:LOGGER_BOT              TYPE:INITIALIZED    MESSAGE:LOGGER_BOT built and deployed...
2021_05_10 16:40:30:000681     LEVEL:LOGGER_BOT              TYPE:INITIALIZED    MESSAGE:LOGGER_BOT built and deployed...
2021_05_10 16:40:30:000681     LEVEL:LOGGER_BOT              TYPE:INITIALIZED    MESSAGE:LOGGER_BOT built and deployed...
2021_05_10 16:40:30:000681     LEVEL:GENERATION_BOT          TYPE:INITIALIZED    MESSAGE:GENERATION_BOT built and deployed...
2021_05_10 16:40:30:001952     LEVEL:INTERCEPTION_BOT        TYPE:INITIALIZED    MESSAGE:INTERCEPTION_BOT built and deployed...
2021_05_10 16:40:30:006549     LEVEL:INTERCEPTION_BOT        TYPE:INITIALIZED    MESSAGE:INTERCEPTION_BOT built and deployed...
2021_05_10 16:40:30:006549     LEVEL:GENERATION_BOT          TYPE:INITIALIZED    MESSAGE:GENERATION_BOT built and deployed...
2021_05_10 16:40:30:006549     LEVEL:LOGGER_BOT              TYPE:INITIALIZED    MESSAGE:LOGGER_BOT built and deployed...
2021_05_10 16:40:30:006549     LEVEL:INTERCEPTION_BOT        TYPE:INITIALIZED    MESSAGE:INTERCEPTION_BOT built and deployed...
2021_05_10 16:40:30:006549     LEVEL:LOGGER_BOT              TYPE:INITIALIZED    MESSAGE:LOGGER_BOT built and deployed...
2021_05_10 16:40:30:006549     LEVEL:GENERATION_BOT          TYPE:INITIALIZED    MESSAGE:GENERATION_BOT built and deployed...
2021_05_10 16:40:30:008537     LEVEL:INTERACTION_BOT         TYPE:INITIALIZED    MESSAGE:INTERACTION_BOT built and deployed...
2021_05_10 16:40:30:008537     LEVEL:INTERCEPTION_BOT        TYPE:INITIALIZED    MESSAGE:INTERCEPTION_BOT built and deployed...
2021_05_10 16:40:30:008537     LEVEL:GENERATION_BOT          TYPE:INITIALIZED    MESSAGE:GENERATION_BOT built and deployed...
2021_05_10 16:40:30:008537     LEVEL:LOGGER_BOT              TYPE:INITIALIZED    MESSAGE:LOGGER_BOT built and deployed...
2021_05_10 16:40:30:008537     LEVEL:GENERATION_BOT          TYPE:INITIALIZED    MESSAGE:GENERATION_BOT built and deployed...
2021_05_10 16:40:30:008537     LEVEL:INTERCEPTION_BOT        TYPE:INITIALIZED    MESSAGE:INTERCEPTION_BOT built and deployed...
2021_05_10 16:40:30:008537     LEVEL:LOGGER_BOT              TYPE:INITIALIZED    MESSAGE:LOGGER_BOT built and deployed...
2021_05_10 16:40:30:010447     LEVEL:INTERACTION_BOT         TYPE:INITIALIZED    MESSAGE:INTERACTION_BOT built and deployed...
2021_05_10 16:40:30:010447     LEVEL:NPC_HANDLING_BOT        TYPE:INITIALIZED    MESSAGE:NPC_HANDLING_BOT built and deployed...
2021_05_10 16:40:30:010447     LEVEL:CRAFTING_BOT            TYPE:INITIALIZED    MESSAGE:crafter_bot built and deployed...
2021_05_10 16:40:30:010447     LEVEL:LOGGER_BOT              TYPE:INITIALIZED    MESSAGE:LOGGER_BOT built and deployed...
2021_05_10 16:40:30:012405     LEVEL:INTERCEPTION_BOT        TYPE:INITIALIZED    MESSAGE:INTERCEPTION_BOT built and deployed...
2021_05_10 16:40:30:012405     LEVEL:GENERATION_BOT          TYPE:INITIALIZED    MESSAGE:GENERATION_BOT built and deployed...
2021_05_10 16:40:30:012405     LEVEL:GENERATION_BOT          TYPE:INITIALIZED    MESSAGE:GENERATION_BOT built and deployed...
2021_05_10 16:40:30:012405     LEVEL:CRAFTING_BOT            TYPE:INITIALIZED    MESSAGE:crafter_bot built and deployed...
2021_05_10 16:40:30:012405     LEVEL:INTERACTION_BOT         TYPE:INITIALIZED    MESSAGE:INTERACTION_BOT built and deployed...
2021_05_10 16:40:30:012405     LEVEL:INTERCEPTION_BOT        TYPE:INITIALIZED    MESSAGE:INTERCEPTION_BOT built and deployed...
2021_05_10 16:40:30:012405     LEVEL:LOGGER_BOT              TYPE:INITIALIZED    MESSAGE:LOGGER_BOT built and deployed...
2021_05_10 16:40:30:012405     LEVEL:MOVEMENT_BOT            TYPE:INITIALIZED    MESSAGE:MOVEMENT_BOT built and deployed...
2021_05_10 16:40:30:012405     LEVEL:NPC_HANDLING_BOT        TYPE:INITIALIZED    MESSAGE:NPC_HANDLING_BOT built and deployed...
2021_05_10 16:40:30:012405     LEVEL:RESET_BOT               TYPE:INITIALIZED    MESSAGE:RESET_BOT built and deployed...
2021_05_10 16:40:30:012405     LEVEL:MOVEMENT_BOT            TYPE:INITIALIZED    MESSAGE:MOVEMENT_BOT built and deployed...
2021_05_10 16:40:30:012405     LEVEL:FARMING_BOT             TYPE:INITIALIZED    MESSAGE:FARMER_BOT built and deployed...
2021_05_10 16:40:30:015141     LEVEL:INTERACTION_BOT         TYPE:INITIALIZED    MESSAGE:INTERACTION_BOT built and deployed...
2021_05_10 16:40:30:015141     LEVEL:GENERATION_BOT          TYPE:INITIALIZED    MESSAGE:GENERATION_BOT built and deployed...
2021_05_10 16:40:30:015141     LEVEL:NPC_HANDLING_BOT        TYPE:INITIALIZED    MESSAGE:NPC_HANDLING_BOT built and deployed...
2021_05_10 16:40:30:015141     LEVEL:RESET_BOT               TYPE:INITIALIZED    MESSAGE:RESET_BOT built and deployed...
2021_05_10 16:40:30:019287     LEVEL:RESET_BOT               TYPE:INITIALIZE     MESSAGE:Initialized countdown...
2021_05_10 16:40:30:020186     LEVEL:RESET_BOT               TYPE:PROGRESS       MESSAGE:Counting down: 5
2021_05_10 16:40:31:033139     LEVEL:RESET_BOT               TYPE:PROGRESS       MESSAGE:Counting down: 4
2021_05_10 16:40:32:049205     LEVEL:RESET_BOT               TYPE:PROGRESS       MESSAGE:Counting down: 3
2021_05_10 16:40:33:057074     LEVEL:RESET_BOT               TYPE:PROGRESS       MESSAGE:Counting down: 2
2021_05_10 16:40:34:066516     LEVEL:RESET_BOT               TYPE:PROGRESS       MESSAGE:Counting down: 1
2021_05_10 16:40:35:089287     LEVEL:RESET_BOT               TYPE:SUCCESS        MESSAGE:Success! Bots deployed!
2021_05_10 16:40:39:562486     LEVEL:LOGGER_BOT              TYPE:INITIALIZED    MESSAGE:LOGGER_BOT built and deployed...
2021_05_10 16:40:40:066850     LEVEL:LOGGER_BOT              TYPE:INITIALIZED    MESSAGE:LOGGER_BOT built and deployed...
2021_05_10 16:40:40:067375     LEVEL:LOGGER_BOT              TYPE:INITIALIZED    MESSAGE:LOGGER_BOT built and deployed...
2021_05_10 16:40:40:067375     LEVEL:GENERATION_BOT          TYPE:INITIALIZED    MESSAGE:GENERATION_BOT built and deployed...
2021_05_10 16:40:40:067739     LEVEL:INTERCEPTION_BOT        TYPE:INITIALIZED    MESSAGE:INTERCEPTION_BOT built and deployed...
2021_05_10 16:40:40:072838     LEVEL:INTERCEPTION_BOT        TYPE:INITIALIZED    MESSAGE:INTERCEPTION_BOT built and deployed...
2021_05_10 16:40:40:072838     LEVEL:GENERATION_BOT          TYPE:INITIALIZED    MESSAGE:GENERATION_BOT built and deployed...
2021_05_10 16:40:40:072838     LEVEL:LOGGER_BOT              TYPE:INITIALIZED    MESSAGE:LOGGER_BOT built and deployed...
2021_05_10 16:40:40:072838     LEVEL:INTERCEPTION_BOT        TYPE:INITIALIZED    MESSAGE:INTERCEPTION_BOT built and deployed...
2021_05_10 16:40:40:075509     LEVEL:LOGGER_BOT              TYPE:INITIALIZED    MESSAGE:LOGGER_BOT built and deployed...
2021_05_10 16:40:40:076424     LEVEL:GENERATION_BOT          TYPE:INITIALIZED    MESSAGE:GENERATION_BOT built and deployed...
2021_05_10 16:40:40:077443     LEVEL:INTERACTION_BOT         TYPE:INITIALIZED    MESSAGE:INTERACTION_BOT built and deployed...
2021_05_10 16:40:40:078353     LEVEL:INTERCEPTION_BOT        TYPE:INITIALIZED    MESSAGE:INTERCEPTION_BOT built and deployed...
2021_05_10 16:40:40:078353     LEVEL:GENERATION_BOT          TYPE:INITIALIZED    MESSAGE:GENERATION_BOT built and deployed...
2021_05_10 16:40:40:078353     LEVEL:LOGGER_BOT              TYPE:INITIALIZED    MESSAGE:LOGGER_BOT built and deployed...
2021_05_10 16:40:40:079212     LEVEL:GENERATION_BOT          TYPE:INITIALIZED    MESSAGE:GENERATION_BOT built and deployed...
2021_05_10 16:40:40:079212     LEVEL:INTERCEPTION_BOT        TYPE:INITIALIZED    MESSAGE:INTERCEPTION_BOT built and deployed...
2021_05_10 16:40:40:079828     LEVEL:LOGGER_BOT              TYPE:INITIALIZED    MESSAGE:LOGGER_BOT built and deployed...
2021_05_10 16:40:40:079828     LEVEL:INTERACTION_BOT         TYPE:INITIALIZED    MESSAGE:INTERACTION_BOT built and deployed...
2021_05_10 16:40:40:079828     LEVEL:NPC_HANDLING_BOT        TYPE:INITIALIZED    MESSAGE:NPC_HANDLING_BOT built and deployed...
2021_05_10 16:40:40:080643     LEVEL:CRAFTING_BOT            TYPE:INITIALIZED    MESSAGE:crafter_bot built and deployed...
2021_05_10 16:40:40:081661     LEVEL:LOGGER_BOT              TYPE:INITIALIZED    MESSAGE:LOGGER_BOT built and deployed...
2021_05_10 16:40:40:081661     LEVEL:INTERCEPTION_BOT        TYPE:INITIALIZED    MESSAGE:INTERCEPTION_BOT built and deployed...
2021_05_10 16:40:40:081661     LEVEL:GENERATION_BOT          TYPE:INITIALIZED    MESSAGE:GENERATION_BOT built and deployed...
2021_05_10 16:40:40:083265     LEVEL:GENERATION_BOT          TYPE:INITIALIZED    MESSAGE:GENERATION_BOT built and deployed...
2021_05_10 16:40:40:083265     LEVEL:CRAFTING_BOT            TYPE:INITIALIZED    MESSAGE:crafter_bot built and deployed...
2021_05_10 16:40:40:084182     LEVEL:INTERACTION_BOT         TYPE:INITIALIZED    MESSAGE:INTERACTION_BOT built and deployed...
2021_05_10 16:40:40:084182     LEVEL:INTERCEPTION_BOT        TYPE:INITIALIZED    MESSAGE:INTERCEPTION_BOT built and deployed...
2021_05_10 16:40:40:084182     LEVEL:LOGGER_BOT              TYPE:INITIALIZED    MESSAGE:LOGGER_BOT built and deployed...
2021_05_10 16:40:40:085058     LEVEL:MOVEMENT_BOT            TYPE:INITIALIZED    MESSAGE:MOVEMENT_BOT built and deployed...
2021_05_10 16:40:40:085058     LEVEL:NPC_HANDLING_BOT        TYPE:INITIALIZED    MESSAGE:NPC_HANDLING_BOT built and deployed...
2021_05_10 16:40:40:085058     LEVEL:RESET_BOT               TYPE:INITIALIZED    MESSAGE:RESET_BOT built and deployed...
2021_05_10 16:40:40:085817     LEVEL:MOVEMENT_BOT            TYPE:INITIALIZED    MESSAGE:MOVEMENT_BOT built and deployed...
2021_05_10 16:40:40:085817     LEVEL:FARMING_BOT             TYPE:INITIALIZED    MESSAGE:FARMER_BOT built and deployed...
2021_05_10 16:40:40:086499     LEVEL:INTERACTION_BOT         TYPE:INITIALIZED    MESSAGE:INTERACTION_BOT built and deployed...
2021_05_10 16:40:40:086499     LEVEL:GENERATION_BOT          TYPE:INITIALIZED    MESSAGE:GENERATION_BOT built and deployed...
2021_05_10 16:40:40:086499     LEVEL:NPC_HANDLING_BOT        TYPE:INITIALIZED    MESSAGE:NPC_HANDLING_BOT built and deployed...
2021_05_10 16:40:40:086499     LEVEL:RESET_BOT               TYPE:INITIALIZED    MESSAGE:RESET_BOT built and deployed...
2021_05_10 16:40:40:087770     LEVEL:RESET_BOT               TYPE:INITIALIZE     MESSAGE:Initialized countdown...
2021_05_10 16:40:40:087770     LEVEL:RESET_BOT               TYPE:PROGRESS       MESSAGE:Counting down: 5
2021_05_10 16:40:41:091883     LEVEL:RESET_BOT               TYPE:PROGRESS       MESSAGE:Counting down: 4
2021_05_10 16:40:42:107791     LEVEL:RESET_BOT               TYPE:PROGRESS       MESSAGE:Counting down: 3
2021_05_10 16:40:43:130659     LEVEL:RESET_BOT               TYPE:PROGRESS       MESSAGE:Counting down: 2
2021_05_10 16:40:44:146494     LEVEL:RESET_BOT               TYPE:PROGRESS       MESSAGE:Counting down: 1
2021_05_10 16:40:45:163979     LEVEL:RESET_BOT               TYPE:SUCCESS        MESSAGE:Success! Bots deployed!
2021_05_10 16:41:16:561272     LEVEL:LOGGER_BOT              TYPE:INITIALIZED    MESSAGE:LOGGER_BOT built and deployed...
2021_05_10 16:41:17:121792     LEVEL:LOGGER_BOT              TYPE:INITIALIZED    MESSAGE:LOGGER_BOT built and deployed...
2021_05_10 16:41:17:121792     LEVEL:LOGGER_BOT              TYPE:INITIALIZED    MESSAGE:LOGGER_BOT built and deployed...
2021_05_10 16:41:17:122770     LEVEL:GENERATION_BOT          TYPE:INITIALIZED    MESSAGE:GENERATION_BOT built and deployed...
2021_05_10 16:41:17:122770     LEVEL:INTERCEPTION_BOT        TYPE:INITIALIZED    MESSAGE:INTERCEPTION_BOT built and deployed...
2021_05_10 16:41:17:129602     LEVEL:INTERCEPTION_BOT        TYPE:INITIALIZED    MESSAGE:INTERCEPTION_BOT built and deployed...
2021_05_10 16:41:17:129602     LEVEL:GENERATION_BOT          TYPE:INITIALIZED    MESSAGE:GENERATION_BOT built and deployed...
2021_05_10 16:41:17:129602     LEVEL:LOGGER_BOT              TYPE:INITIALIZED    MESSAGE:LOGGER_BOT built and deployed...
2021_05_10 16:41:17:129602     LEVEL:INTERCEPTION_BOT        TYPE:INITIALIZED    MESSAGE:INTERCEPTION_BOT built and deployed...
2021_05_10 16:41:17:131568     LEVEL:LOGGER_BOT              TYPE:INITIALIZED    MESSAGE:LOGGER_BOT built and deployed...
2021_05_10 16:41:17:131568     LEVEL:GENERATION_BOT          TYPE:INITIALIZED    MESSAGE:GENERATION_BOT built and deployed...
2021_05_10 16:41:17:132549     LEVEL:INTERACTION_BOT         TYPE:INITIALIZED    MESSAGE:INTERACTION_BOT built and deployed...
2021_05_10 16:41:17:133530     LEVEL:INTERCEPTION_BOT        TYPE:INITIALIZED    MESSAGE:INTERCEPTION_BOT built and deployed...
2021_05_10 16:41:17:133530     LEVEL:GENERATION_BOT          TYPE:INITIALIZED    MESSAGE:GENERATION_BOT built and deployed...
2021_05_10 16:41:17:133530     LEVEL:LOGGER_BOT              TYPE:INITIALIZED    MESSAGE:LOGGER_BOT built and deployed...
2021_05_10 16:41:17:134479     LEVEL:GENERATION_BOT          TYPE:INITIALIZED    MESSAGE:GENERATION_BOT built and deployed...
2021_05_10 16:41:17:134479     LEVEL:INTERCEPTION_BOT        TYPE:INITIALIZED    MESSAGE:INTERCEPTION_BOT built and deployed...
2021_05_10 16:41:17:135207     LEVEL:LOGGER_BOT              TYPE:INITIALIZED    MESSAGE:LOGGER_BOT built and deployed...
2021_05_10 16:41:17:135935     LEVEL:INTERACTION_BOT         TYPE:INITIALIZED    MESSAGE:INTERACTION_BOT built and deployed...
2021_05_10 16:41:17:135935     LEVEL:NPC_HANDLING_BOT        TYPE:INITIALIZED    MESSAGE:NPC_HANDLING_BOT built and deployed...
2021_05_10 16:41:17:136434     LEVEL:CRAFTING_BOT            TYPE:INITIALIZED    MESSAGE:crafter_bot built and deployed...
2021_05_10 16:41:17:136434     LEVEL:LOGGER_BOT              TYPE:INITIALIZED    MESSAGE:LOGGER_BOT built and deployed...
2021_05_10 16:41:17:138393     LEVEL:INTERCEPTION_BOT        TYPE:INITIALIZED    MESSAGE:INTERCEPTION_BOT built and deployed...
2021_05_10 16:41:17:138393     LEVEL:GENERATION_BOT          TYPE:INITIALIZED    MESSAGE:GENERATION_BOT built and deployed...
2021_05_10 16:41:17:138393     LEVEL:GENERATION_BOT          TYPE:INITIALIZED    MESSAGE:GENERATION_BOT built and deployed...
2021_05_10 16:41:17:138393     LEVEL:CRAFTING_BOT            TYPE:INITIALIZED    MESSAGE:crafter_bot built and deployed...
2021_05_10 16:41:17:138393     LEVEL:INTERACTION_BOT         TYPE:INITIALIZED    MESSAGE:INTERACTION_BOT built and deployed...
2021_05_10 16:41:17:138393     LEVEL:INTERCEPTION_BOT        TYPE:INITIALIZED    MESSAGE:INTERCEPTION_BOT built and deployed...
2021_05_10 16:41:17:138393     LEVEL:LOGGER_BOT              TYPE:INITIALIZED    MESSAGE:LOGGER_BOT built and deployed...
2021_05_10 16:41:17:141017     LEVEL:MOVEMENT_BOT            TYPE:INITIALIZED    MESSAGE:MOVEMENT_BOT built and deployed...
2021_05_10 16:41:17:141017     LEVEL:NPC_HANDLING_BOT        TYPE:INITIALIZED    MESSAGE:NPC_HANDLING_BOT built and deployed...
2021_05_10 16:41:17:141731     LEVEL:RESET_BOT               TYPE:INITIALIZED    MESSAGE:RESET_BOT built and deployed...
2021_05_10 16:41:17:141731     LEVEL:MOVEMENT_BOT            TYPE:INITIALIZED    MESSAGE:MOVEMENT_BOT built and deployed...
2021_05_10 16:41:17:141731     LEVEL:FARMING_BOT             TYPE:INITIALIZED    MESSAGE:FARMER_BOT built and deployed...
2021_05_10 16:41:17:142809     LEVEL:INTERACTION_BOT         TYPE:INITIALIZED    MESSAGE:INTERACTION_BOT built and deployed...
2021_05_10 16:41:17:142809     LEVEL:GENERATION_BOT          TYPE:INITIALIZED    MESSAGE:GENERATION_BOT built and deployed...
2021_05_10 16:41:17:143282     LEVEL:NPC_HANDLING_BOT        TYPE:INITIALIZED    MESSAGE:NPC_HANDLING_BOT built and deployed...
2021_05_10 16:41:17:143282     LEVEL:RESET_BOT               TYPE:INITIALIZED    MESSAGE:RESET_BOT built and deployed...
2021_05_10 16:41:17:143282     LEVEL:RESET_BOT               TYPE:INITIALIZE     MESSAGE:Initialized countdown...
2021_05_10 16:41:17:143282     LEVEL:RESET_BOT               TYPE:PROGRESS       MESSAGE:Counting down: 5
2021_05_10 16:41:18:154273     LEVEL:RESET_BOT               TYPE:PROGRESS       MESSAGE:Counting down: 4
2021_05_10 16:41:19:162854     LEVEL:RESET_BOT               TYPE:PROGRESS       MESSAGE:Counting down: 3
2021_05_10 16:41:20:168669     LEVEL:RESET_BOT               TYPE:PROGRESS       MESSAGE:Counting down: 2
2021_05_10 16:41:21:177922     LEVEL:RESET_BOT               TYPE:PROGRESS       MESSAGE:Counting down: 1
2021_05_10 16:41:22:190922     LEVEL:RESET_BOT               TYPE:SUCCESS        MESSAGE:Success! Bots deployed!
